23:35:29 BattlEye server updated to version: 213
23:35:29 BattlEye Server: Initialized (v1.213)
23:35:29 Host identity created.
23:35:29 Game Port: 2302, Steam Query Port: 2303
23:35:38 Mateuus uses modified data file
23:35:38 BattlEye Server: Player #0 Mateuus (191.243.254.251:26260) connected
23:35:38 Player Mateuus connecting.
23:35:38 Mission Exile.Altis read from directory.
23:35:40 BattlEye Server: Player #0 Mateuus - GUID: 6362f25c65411c0145ca1105a07c64e6 (unverified)
23:35:40 Player Mateuus connected (id=76561198065694695).
23:35:40 BattlEye Server: Verified GUID (6362f25c65411c0145ca1105a07c64e6) of player #0 Mateuus
23:35:41 BattlEye Server: Starting with Arma 3 1.58 all server admins will have to define a dedicated port in BEServer.cfg in order to be able to use BE RCon. Please see https://www.battleye.com/support/documentation/ for details.
23:35:50 Roles assigned.
23:35:50 Reading mission ...
23:36:04 Mission read.
23:36:10 Game started.
23:37:32 Player Mateuus disconnected.
23:37:32 BattlEye Server: Player #0 Mateuus disconnected
23:37:36 Mateuus uses modified data file
23:37:36 BattlEye Server: Player #0 Mateuus (191.243.254.251:26260) connected
23:37:36 Player Mateuus connecting.
23:37:38 BattlEye Server: Player #0 Mateuus - GUID: 6362f25c65411c0145ca1105a07c64e6 (unverified)
23:37:38 Player Mateuus connected (id=76561198065694695).
23:37:38 BattlEye Server: Verified GUID (6362f25c65411c0145ca1105a07c64e6) of player #0 Mateuus
